[2022-12-27T06:47:58.890+0000] {taskinstance.py:1087} INFO - Dependencies all met for <TaskInstance: final_project_dag.extract manual__2022-12-27T06:47:17.285814+00:00 [queued]>
[2022-12-27T06:47:59.053+0000] {taskinstance.py:1087} INFO - Dependencies all met for <TaskInstance: final_project_dag.extract manual__2022-12-27T06:47:17.285814+00:00 [queued]>
[2022-12-27T06:47:59.060+0000] {taskinstance.py:1283} INFO - 
--------------------------------------------------------------------------------
[2022-12-27T06:47:59.065+0000] {taskinstance.py:1284} INFO - Starting attempt 1 of 6
[2022-12-27T06:47:59.068+0000] {taskinstance.py:1285} INFO - 
--------------------------------------------------------------------------------
[2022-12-27T06:47:59.276+0000] {taskinstance.py:1304} INFO - Executing <Task(PythonOperator): extract> on 2022-12-27 06:47:17.285814+00:00
[2022-12-27T06:47:59.586+0000] {standard_task_runner.py:55} INFO - Started process 303 to run task
[2022-12-27T06:47:59.663+0000] {standard_task_runner.py:82} INFO - Running: ['***', 'tasks', 'run', 'final_project_dag', 'extract', 'manual__2022-12-27T06:47:17.285814+00:00', '--job-id', '401', '--raw', '--subdir', 'DAGS_FOLDER/final_project_dag.py', '--cfg-path', '/tmp/tmpm5d7ftuz']
[2022-12-27T06:47:59.701+0000] {standard_task_runner.py:83} INFO - Job 401: Subtask extract
[2022-12-27T06:48:00.512+0000] {task_command.py:389} INFO - Running <TaskInstance: final_project_dag.extract manual__2022-12-27T06:47:17.285814+00:00 [running]> on host 7fbb65dd0a64
[2022-12-27T06:48:01.628+0000] {taskinstance.py:1513} INFO - Exporting the following env vars:
AIRFLOW_CTX_DAG_OWNER=kelompok 3
AIRFLOW_CTX_DAG_ID=final_project_dag
AIRFLOW_CTX_TASK_ID=extract
AIRFLOW_CTX_EXECUTION_DATE=2022-12-27T06:47:17.285814+00:00
AIRFLOW_CTX_TRY_NUMBER=1
AIRFLOW_CTX_DAG_RUN_ID=manual__2022-12-27T06:47:17.285814+00:00
[2022-12-27T06:48:01.684+0000] {conn.py:372} INFO - <BrokerConnection node_id=bootstrap-0 host=broker:9092 <connecting> [IPv4 ('172.25.0.5', 9092)]>: connecting to broker:9092 [('172.25.0.5', 9092) IPv4]
[2022-12-27T06:48:01.692+0000] {conn.py:1049} INFO - Probing node bootstrap-0 broker version
[2022-12-27T06:48:01.702+0000] {conn.py:401} INFO - <BrokerConnection node_id=bootstrap-0 host=broker:9092 <connecting> [IPv4 ('172.25.0.5', 9092)]>: Connection complete.
[2022-12-27T06:48:02.395+0000] {conn.py:1106} INFO - Broker version identifed as 1.0.0
[2022-12-27T06:48:02.404+0000] {conn.py:1108} INFO - Set configuration api_version=(1, 0, 0) to skip auto check_version requests on startup
[2022-12-27T06:48:02.487+0000] {subscription_state.py:171} INFO - Updating subscribed topics to: ('projek_akhir',)
[2022-12-27T06:48:03.744+0000] {logging_mixin.py:137} INFO - Connected
[2022-12-27T06:48:03.764+0000] {streaming.py:185} INFO - Stream connected
[2022-12-27T06:48:06.840+0000] {logging_mixin.py:137} INFO - b'{"text": "@aibarisu Yesss it\\u2019s definitely the best game in the whole show"}'
[2022-12-27T06:48:06.924+0000] {conn.py:372} INFO - <BrokerConnection node_id=1003 host=broker:9092 <connecting> [IPv4 ('172.25.0.5', 9092)]>: connecting to broker:9092 [('172.25.0.5', 9092) IPv4]
[2022-12-27T06:48:06.950+0000] {conn.py:401} INFO - <BrokerConnection node_id=1003 host=broker:9092 <connecting> [IPv4 ('172.25.0.5', 9092)]>: Connection complete.
[2022-12-27T06:48:06.956+0000] {conn.py:811} INFO - <BrokerConnection node_id=bootstrap-0 host=broker:9092 <connected> [IPv4 ('172.25.0.5', 9092)]>: Closing connection. 
[2022-12-27T06:48:12.775+0000] {logging_mixin.py:137} INFO - b'{"text": "RT @aibarisu: chishiya\'s wig is straight up a human rights violation, likeee we couldve had this nijiro in alice in borderland instead http\\u2026"}'
[2022-12-27T06:48:23.771+0000] {logging_mixin.py:137} INFO - b'{"text": "RT @4hyojoo: i love women so much thank you alice in borderland https://t.co/jWVZSeEntS"}'
[2022-12-27T06:48:38.862+0000] {logging_mixin.py:137} INFO - b'{"text": "RT @WatchmenID: Alice in Borderland 2\\nDir: Shinsuke Sato https://t.co/eXTAglY9Lo"}'
[2022-12-27T06:48:55.751+0000] {logging_mixin.py:137} INFO - b'{"text": "RT @ubglowing: alice in borderland characters as youtubers https://t.co/ronaDe4Gp0"}'
[2022-12-27T06:49:02.785+0000] {logging_mixin.py:137} INFO - b'{"text": "menma and jintan but more powerful lewl \\ud83d\\ude2d https://t.co/FVwPvglB9u"}'
[2022-12-27T06:49:08.816+0000] {logging_mixin.py:137} INFO - b'{"text": "RT @andkimkaii: \\"If we meet again somewhere, let\'s be friends.\\"\\n\\n\\u30fc alice in borderland s2, ep7 (2022) https://t.co/bbgcJAOdLh"}'
[2022-12-27T06:49:25.753+0000] {logging_mixin.py:137} INFO - b'{"text": "RT @NetflixGeeked: Alice in Borderland with the most high-stakes game of tag you\\u2019ll see. https://t.co/rhHB69m6Tx"}'
[2022-12-27T06:49:27.776+0000] {logging_mixin.py:137} INFO - b'{"text": "Starting to watch Alice in Borderland"}'
[2022-12-27T06:49:37.785+0000] {logging_mixin.py:137} INFO - b'{"text": "RT @yukikun216: Them playing the Diamond \\u2666\\ufe0f card suit games in Alice in Borderland: https://t.co/M0bEHFSJBF"}'
[2022-12-27T06:49:37.813+0000] {streaming.py:180} ERROR - Stream connection closed by Twitter
[2022-12-27T06:49:37.847+0000] {logging_mixin.py:137} INFO - Disconnected
[2022-12-27T06:49:37.859+0000] {streaming.py:193} INFO - Stream disconnected
[2022-12-27T06:49:37.868+0000] {conn.py:372} INFO - <BrokerConnection node_id=bootstrap-0 host=broker:9092 <connecting> [IPv4 ('172.25.0.5', 9092)]>: connecting to broker:9092 [('172.25.0.5', 9092) IPv4]
[2022-12-27T06:49:37.974+0000] {conn.py:401} INFO - <BrokerConnection node_id=bootstrap-0 host=broker:9092 <connecting> [IPv4 ('172.25.0.5', 9092)]>: Connection complete.
[2022-12-27T06:49:38.126+0000] {cluster.py:376} INFO - Group coordinator for consumers is (1003, 'broker', 9092, None)
[2022-12-27T06:49:38.129+0000] {base.py:688} INFO - Discovered coordinator 1003 for group consumers
[2022-12-27T06:49:38.134+0000] {base.py:735} INFO - Starting new heartbeat thread
[2022-12-27T06:49:38.139+0000] {consumer.py:342} INFO - Revoking previously assigned partitions () for group consumers
[2022-12-27T06:49:38.145+0000] {conn.py:372} INFO - <BrokerConnection node_id=1003 host=broker:9092 <connecting> [IPv4 ('172.25.0.5', 9092)]>: connecting to broker:9092 [('172.25.0.5', 9092) IPv4]
[2022-12-27T06:49:38.250+0000] {conn.py:401} INFO - <BrokerConnection node_id=1003 host=broker:9092 <connecting> [IPv4 ('172.25.0.5', 9092)]>: Connection complete.
[2022-12-27T06:49:38.255+0000] {conn.py:811} INFO - <BrokerConnection node_id=bootstrap-0 host=broker:9092 <connected> [IPv4 ('172.25.0.5', 9092)]>: Closing connection. 
[2022-12-27T06:49:38.360+0000] {base.py:447} INFO - (Re-)joining group consumers
[2022-12-27T06:49:38.472+0000] {base.py:516} INFO - Elected group leader -- performing partition assignments using range
[2022-12-27T06:49:38.613+0000] {base.py:333} INFO - Successfully joined group consumers with generation 11
[2022-12-27T06:49:38.619+0000] {subscription_state.py:257} INFO - Updated partition assignment: [('projek_akhir', 0)]
[2022-12-27T06:49:38.622+0000] {consumer.py:239} INFO - Setting newly assigned partitions (('projek_akhir', 0),) for group consumers
[2022-12-27T06:49:39.245+0000] {logging_mixin.py:137} INFO - <bound method NDFrame.head of                                                      0
0                                 why stays are so hot
1    wts lfb netfli month l shared profile l solo p...
2                                           thank you 
3                     now watching alice in borderland
4                                   thank you sejeong 
..                                                 ...
619   sandman alice in borderland inside man all re...
620          rekomendasi outfit ala korea under k htt 
621   alice in borderland season is bigger crazier ...
622                               hot people stan skz 
623                  righttttt its one of my fav shows

[624 rows x 1 columns]>
[2022-12-27T06:49:39.256+0000] {base.py:742} INFO - Stopping heartbeat thread
[2022-12-27T06:49:39.264+0000] {python.py:177} INFO - Done. Returned value was: None
[2022-12-27T06:49:39.344+0000] {taskinstance.py:1327} INFO - Marking task as SUCCESS. dag_id=final_project_dag, task_id=extract, execution_date=20221227T064717, start_date=20221227T064758, end_date=20221227T064939
[2022-12-27T06:49:39.709+0000] {local_task_job.py:159} INFO - Task exited with return code 0
[2022-12-27T06:49:39.959+0000] {taskinstance.py:2582} INFO - 1 downstream tasks scheduled from follow-on schedule check
