[2022-12-26T20:16:40.205+0000] {taskinstance.py:1087} INFO - Dependencies all met for <TaskInstance: final_project_dag.print_date scheduled__2022-12-22T00:00:00+00:00 [queued]>
[2022-12-26T20:16:46.936+0000] {taskinstance.py:1087} INFO - Dependencies all met for <TaskInstance: final_project_dag.print_date scheduled__2022-12-22T00:00:00+00:00 [queued]>
[2022-12-26T20:16:47.016+0000] {taskinstance.py:1283} INFO - 
--------------------------------------------------------------------------------
[2022-12-26T20:16:47.050+0000] {taskinstance.py:1284} INFO - Starting attempt 2 of 6
[2022-12-26T20:16:47.148+0000] {taskinstance.py:1285} INFO - 
--------------------------------------------------------------------------------
[2022-12-26T20:16:57.079+0000] {taskinstance.py:1304} INFO - Executing <Task(BashOperator): print_date> on 2022-12-22 00:00:00+00:00
[2022-12-26T20:16:57.679+0000] {standard_task_runner.py:55} INFO - Started process 134 to run task
[2022-12-26T20:16:57.951+0000] {standard_task_runner.py:82} INFO - Running: ['***', 'tasks', 'run', 'final_project_dag', 'print_date', 'scheduled__2022-12-22T00:00:00+00:00', '--job-id', '56', '--raw', '--subdir', 'DAGS_FOLDER/final_project_dag.py', '--cfg-path', '/tmp/tmp5zf87ej8']
[2022-12-26T20:16:58.109+0000] {standard_task_runner.py:83} INFO - Job 56: Subtask print_date
[2022-12-26T20:18:22.849+0000] {task_command.py:389} INFO - Running <TaskInstance: final_project_dag.print_date scheduled__2022-12-22T00:00:00+00:00 [running]> on host 90c4bc40493a
[2022-12-26T20:18:40.758+0000] {taskinstance.py:1513} INFO - Exporting the following env vars:
AIRFLOW_CTX_DAG_OWNER=kelompok 3
AIRFLOW_CTX_DAG_ID=final_project_dag
AIRFLOW_CTX_TASK_ID=print_date
AIRFLOW_CTX_EXECUTION_DATE=2022-12-22T00:00:00+00:00
AIRFLOW_CTX_TRY_NUMBER=2
AIRFLOW_CTX_DAG_RUN_ID=scheduled__2022-12-22T00:00:00+00:00
[2022-12-26T20:18:40.953+0000] {subprocess.py:63} INFO - Tmp dir root location: 
 /tmp
[2022-12-26T20:18:41.013+0000] {subprocess.py:75} INFO - Running command: ['/bin/bash', '-c', 'echo date']
[2022-12-26T20:18:43.191+0000] {subprocess.py:86} INFO - Output:
[2022-12-26T20:18:43.428+0000] {subprocess.py:93} INFO - date
[2022-12-26T20:18:43.619+0000] {subprocess.py:97} INFO - Command exited with return code 0
[2022-12-26T20:18:50.665+0000] {taskinstance.py:1327} INFO - Marking task as SUCCESS. dag_id=final_project_dag, task_id=print_date, execution_date=20221222T000000, start_date=20221226T201642, end_date=20221226T201850
[2022-12-26T20:18:54.060+0000] {local_task_job.py:159} INFO - Task exited with return code Negsignal.SIGKILL
[2022-12-26T20:20:30.381+0000] {taskinstance.py:2582} INFO - 0 downstream tasks scheduled from follow-on schedule check
