[2022-12-27T04:17:11.085+0000] {taskinstance.py:1087} INFO - Dependencies all met for <TaskInstance: final_project_dag.print_date manual__2022-12-27T04:16:43.967561+00:00 [queued]>
[2022-12-27T04:17:11.223+0000] {taskinstance.py:1087} INFO - Dependencies all met for <TaskInstance: final_project_dag.print_date manual__2022-12-27T04:16:43.967561+00:00 [queued]>
[2022-12-27T04:17:11.230+0000] {taskinstance.py:1283} INFO - 
--------------------------------------------------------------------------------
[2022-12-27T04:17:11.235+0000] {taskinstance.py:1284} INFO - Starting attempt 1 of 6
[2022-12-27T04:17:11.237+0000] {taskinstance.py:1285} INFO - 
--------------------------------------------------------------------------------
[2022-12-27T04:17:11.532+0000] {taskinstance.py:1304} INFO - Executing <Task(BashOperator): print_date> on 2022-12-27 04:16:43.967561+00:00
[2022-12-27T04:17:11.768+0000] {standard_task_runner.py:55} INFO - Started process 457 to run task
[2022-12-27T04:17:11.981+0000] {standard_task_runner.py:82} INFO - Running: ['***', 'tasks', 'run', 'final_project_dag', 'print_date', 'manual__2022-12-27T04:16:43.967561+00:00', '--job-id', '325', '--raw', '--subdir', 'DAGS_FOLDER/final_project_dag.py', '--cfg-path', '/tmp/tmp1kzxcd8u']
[2022-12-27T04:17:12.150+0000] {standard_task_runner.py:83} INFO - Job 325: Subtask print_date
[2022-12-27T04:17:13.779+0000] {task_command.py:389} INFO - Running <TaskInstance: final_project_dag.print_date manual__2022-12-27T04:16:43.967561+00:00 [running]> on host 6026fe33842a
[2022-12-27T04:17:16.080+0000] {taskinstance.py:1513} INFO - Exporting the following env vars:
AIRFLOW_CTX_DAG_OWNER=kelompok 3
AIRFLOW_CTX_DAG_ID=final_project_dag
AIRFLOW_CTX_TASK_ID=print_date
AIRFLOW_CTX_EXECUTION_DATE=2022-12-27T04:16:43.967561+00:00
AIRFLOW_CTX_TRY_NUMBER=1
AIRFLOW_CTX_DAG_RUN_ID=manual__2022-12-27T04:16:43.967561+00:00
[2022-12-27T04:17:16.164+0000] {subprocess.py:63} INFO - Tmp dir root location: 
 /tmp
[2022-12-27T04:17:16.182+0000] {subprocess.py:75} INFO - Running command: ['/bin/bash', '-c', 'date']
[2022-12-27T04:17:16.363+0000] {subprocess.py:86} INFO - Output:
[2022-12-27T04:17:16.404+0000] {subprocess.py:93} INFO - Tue Dec 27 04:17:16 UTC 2022
[2022-12-27T04:17:16.411+0000] {subprocess.py:97} INFO - Command exited with return code 0
[2022-12-27T04:17:16.836+0000] {taskinstance.py:1327} INFO - Marking task as SUCCESS. dag_id=final_project_dag, task_id=print_date, execution_date=20221227T041643, start_date=20221227T041711, end_date=20221227T041716
[2022-12-27T04:17:17.367+0000] {local_task_job.py:159} INFO - Task exited with return code 0
[2022-12-27T04:17:17.621+0000] {taskinstance.py:2582} INFO - 0 downstream tasks scheduled from follow-on schedule check
