[2022-12-26T20:16:29.934+0000] {taskinstance.py:1087} INFO - Dependencies all met for <TaskInstance: final_project_dag.print_date scheduled__2022-12-24T00:00:00+00:00 [queued]>
[2022-12-26T20:16:31.619+0000] {taskinstance.py:1087} INFO - Dependencies all met for <TaskInstance: final_project_dag.print_date scheduled__2022-12-24T00:00:00+00:00 [queued]>
[2022-12-26T20:16:31.622+0000] {taskinstance.py:1283} INFO - 
--------------------------------------------------------------------------------
[2022-12-26T20:16:31.625+0000] {taskinstance.py:1284} INFO - Starting attempt 2 of 6
[2022-12-26T20:16:31.627+0000] {taskinstance.py:1285} INFO - 
--------------------------------------------------------------------------------
[2022-12-26T20:16:35.062+0000] {taskinstance.py:1304} INFO - Executing <Task(BashOperator): print_date> on 2022-12-24 00:00:00+00:00
[2022-12-26T20:16:35.514+0000] {standard_task_runner.py:55} INFO - Started process 126 to run task
[2022-12-26T20:16:36.212+0000] {standard_task_runner.py:82} INFO - Running: ['***', 'tasks', 'run', 'final_project_dag', 'print_date', 'scheduled__2022-12-24T00:00:00+00:00', '--job-id', '55', '--raw', '--subdir', 'DAGS_FOLDER/final_project_dag.py', '--cfg-path', '/tmp/tmpfryaqfh9']
[2022-12-26T20:16:36.759+0000] {standard_task_runner.py:83} INFO - Job 55: Subtask print_date
[2022-12-26T20:18:00.210+0000] {task_command.py:389} INFO - Running <TaskInstance: final_project_dag.print_date scheduled__2022-12-24T00:00:00+00:00 [running]> on host 90c4bc40493a
[2022-12-26T20:18:10.905+0000] {taskinstance.py:1513} INFO - Exporting the following env vars:
AIRFLOW_CTX_DAG_OWNER=kelompok 3
AIRFLOW_CTX_DAG_ID=final_project_dag
AIRFLOW_CTX_TASK_ID=print_date
AIRFLOW_CTX_EXECUTION_DATE=2022-12-24T00:00:00+00:00
AIRFLOW_CTX_TRY_NUMBER=2
AIRFLOW_CTX_DAG_RUN_ID=scheduled__2022-12-24T00:00:00+00:00
[2022-12-26T20:18:12.017+0000] {subprocess.py:63} INFO - Tmp dir root location: 
 /tmp
[2022-12-26T20:18:12.675+0000] {subprocess.py:75} INFO - Running command: ['/bin/bash', '-c', 'echo date']
[2022-12-26T20:18:16.219+0000] {subprocess.py:86} INFO - Output:
[2022-12-26T20:18:20.695+0000] {subprocess.py:93} INFO - date
[2022-12-26T20:18:20.777+0000] {subprocess.py:97} INFO - Command exited with return code 0
[2022-12-26T20:18:23.772+0000] {taskinstance.py:1327} INFO - Marking task as SUCCESS. dag_id=final_project_dag, task_id=print_date, execution_date=20221224T000000, start_date=20221226T201630, end_date=20221226T201823
[2022-12-26T20:18:41.324+0000] {local_task_job.py:159} INFO - Task exited with return code 0
