[2022-12-26T20:06:25.815+0000] {taskinstance.py:1087} INFO - Dependencies all met for <TaskInstance: final_project_dag.print_date scheduled__2022-12-19T00:00:00+00:00 [queued]>
[2022-12-26T20:06:29.672+0000] {taskinstance.py:1087} INFO - Dependencies all met for <TaskInstance: final_project_dag.print_date scheduled__2022-12-19T00:00:00+00:00 [queued]>
[2022-12-26T20:06:29.769+0000] {taskinstance.py:1283} INFO - 
--------------------------------------------------------------------------------
[2022-12-26T20:06:29.790+0000] {taskinstance.py:1284} INFO - Starting attempt 1 of 6
[2022-12-26T20:06:29.842+0000] {taskinstance.py:1285} INFO - 
--------------------------------------------------------------------------------
[2022-12-26T20:06:33.155+0000] {taskinstance.py:1304} INFO - Executing <Task(BashOperator): print_date> on 2022-12-19 00:00:00+00:00
[2022-12-26T20:06:34.197+0000] {standard_task_runner.py:55} INFO - Started process 263 to run task
[2022-12-26T20:06:34.624+0000] {standard_task_runner.py:82} INFO - Running: ['***', 'tasks', 'run', 'final_project_dag', 'print_date', 'scheduled__2022-12-19T00:00:00+00:00', '--job-id', '40', '--raw', '--subdir', 'DAGS_FOLDER/final_project_dag.py', '--cfg-path', '/tmp/tmpl5p4wid4']
[2022-12-26T20:06:35.003+0000] {standard_task_runner.py:83} INFO - Job 40: Subtask print_date
[2022-12-26T20:09:14.242+0000] {task_command.py:389} INFO - Running <TaskInstance: final_project_dag.print_date scheduled__2022-12-19T00:00:00+00:00 [running]> on host 90c4bc40493a
[2022-12-26T20:09:23.674+0000] {taskinstance.py:1513} INFO - Exporting the following env vars:
AIRFLOW_CTX_DAG_OWNER=kelompok 3
AIRFLOW_CTX_DAG_ID=final_project_dag
AIRFLOW_CTX_TASK_ID=print_date
AIRFLOW_CTX_EXECUTION_DATE=2022-12-19T00:00:00+00:00
AIRFLOW_CTX_TRY_NUMBER=1
AIRFLOW_CTX_DAG_RUN_ID=scheduled__2022-12-19T00:00:00+00:00
[2022-12-26T20:09:23.921+0000] {subprocess.py:63} INFO - Tmp dir root location: 
 /tmp
[2022-12-26T20:09:24.108+0000] {subprocess.py:75} INFO - Running command: ['/bin/bash', '-c', 'date']
[2022-12-26T20:09:26.172+0000] {subprocess.py:86} INFO - Output:
[2022-12-26T20:09:26.682+0000] {subprocess.py:93} INFO - Mon Dec 26 20:09:26 UTC 2022
[2022-12-26T20:09:26.694+0000] {subprocess.py:97} INFO - Command exited with return code 0
[2022-12-26T20:09:30.513+0000] {taskinstance.py:1327} INFO - Marking task as SUCCESS. dag_id=final_project_dag, task_id=print_date, execution_date=20221219T000000, start_date=20221226T200626, end_date=20221226T200930
[2022-12-26T20:09:42.146+0000] {local_task_job.py:159} INFO - Task exited with return code 0
