[2022-12-27T03:21:17.692+0000] {taskinstance.py:1087} INFO - Dependencies all met for <TaskInstance: final_project_dag.print_date manual__2022-12-27T02:58:22.066764+00:00 [queued]>
[2022-12-27T03:21:17.722+0000] {taskinstance.py:1087} INFO - Dependencies all met for <TaskInstance: final_project_dag.print_date manual__2022-12-27T02:58:22.066764+00:00 [queued]>
[2022-12-27T03:21:17.724+0000] {taskinstance.py:1283} INFO - 
--------------------------------------------------------------------------------
[2022-12-27T03:21:17.726+0000] {taskinstance.py:1284} INFO - Starting attempt 3 of 6
[2022-12-27T03:21:17.728+0000] {taskinstance.py:1285} INFO - 
--------------------------------------------------------------------------------
[2022-12-27T03:21:17.769+0000] {taskinstance.py:1304} INFO - Executing <Task(BashOperator): print_date> on 2022-12-27 02:58:22.066764+00:00
[2022-12-27T03:21:17.828+0000] {standard_task_runner.py:55} INFO - Started process 361 to run task
[2022-12-27T03:21:17.859+0000] {standard_task_runner.py:82} INFO - Running: ['***', 'tasks', 'run', 'final_project_dag', 'print_date', 'manual__2022-12-27T02:58:22.066764+00:00', '--job-id', '297', '--raw', '--subdir', 'DAGS_FOLDER/final_project_dag.py', '--cfg-path', '/tmp/tmp5s20cmd8']
[2022-12-27T03:21:17.866+0000] {standard_task_runner.py:83} INFO - Job 297: Subtask print_date
[2022-12-27T03:21:19.463+0000] {task_command.py:389} INFO - Running <TaskInstance: final_project_dag.print_date manual__2022-12-27T02:58:22.066764+00:00 [running]> on host b40088984618
[2022-12-27T03:21:20.143+0000] {taskinstance.py:1513} INFO - Exporting the following env vars:
AIRFLOW_CTX_DAG_OWNER=kelompok 3
AIRFLOW_CTX_DAG_ID=final_project_dag
AIRFLOW_CTX_TASK_ID=print_date
AIRFLOW_CTX_EXECUTION_DATE=2022-12-27T02:58:22.066764+00:00
AIRFLOW_CTX_TRY_NUMBER=3
AIRFLOW_CTX_DAG_RUN_ID=manual__2022-12-27T02:58:22.066764+00:00
[2022-12-27T03:21:20.164+0000] {subprocess.py:63} INFO - Tmp dir root location: 
 /tmp
[2022-12-27T03:21:20.173+0000] {subprocess.py:75} INFO - Running command: ['/bin/bash', '-c', 'echo date']
[2022-12-27T03:21:20.337+0000] {subprocess.py:86} INFO - Output:
[2022-12-27T03:21:20.347+0000] {subprocess.py:93} INFO - date
[2022-12-27T03:21:20.356+0000] {subprocess.py:97} INFO - Command exited with return code 0
[2022-12-27T03:21:20.844+0000] {taskinstance.py:1327} INFO - Marking task as SUCCESS. dag_id=final_project_dag, task_id=print_date, execution_date=20221227T025822, start_date=20221227T032117, end_date=20221227T032120
[2022-12-27T03:21:21.360+0000] {local_task_job.py:159} INFO - Task exited with return code 0
[2022-12-27T03:21:21.712+0000] {taskinstance.py:2582} INFO - 0 downstream tasks scheduled from follow-on schedule check
