[2022-12-27T03:08:04.917+0000] {taskinstance.py:1087} INFO - Dependencies all met for <TaskInstance: final_project_dag.print_date manual__2022-12-27T02:58:22.066764+00:00 [queued]>
[2022-12-27T03:08:05.503+0000] {taskinstance.py:1087} INFO - Dependencies all met for <TaskInstance: final_project_dag.print_date manual__2022-12-27T02:58:22.066764+00:00 [queued]>
[2022-12-27T03:08:05.521+0000] {taskinstance.py:1283} INFO - 
--------------------------------------------------------------------------------
[2022-12-27T03:08:05.534+0000] {taskinstance.py:1284} INFO - Starting attempt 2 of 6
[2022-12-27T03:08:05.542+0000] {taskinstance.py:1285} INFO - 
--------------------------------------------------------------------------------
[2022-12-27T03:08:05.799+0000] {taskinstance.py:1304} INFO - Executing <Task(BashOperator): print_date> on 2022-12-27 02:58:22.066764+00:00
[2022-12-27T03:08:05.908+0000] {standard_task_runner.py:55} INFO - Started process 112 to run task
[2022-12-27T03:08:06.121+0000] {standard_task_runner.py:82} INFO - Running: ['***', 'tasks', 'run', 'final_project_dag', 'print_date', 'manual__2022-12-27T02:58:22.066764+00:00', '--job-id', '284', '--raw', '--subdir', 'DAGS_FOLDER/final_project_dag.py', '--cfg-path', '/tmp/tmpu0a843ed']
[2022-12-27T03:08:06.513+0000] {standard_task_runner.py:83} INFO - Job 284: Subtask print_date
[2022-12-27T03:10:42.985+0000] {task_command.py:389} INFO - Running <TaskInstance: final_project_dag.print_date manual__2022-12-27T02:58:22.066764+00:00 [running]> on host 7ef23135e71b
[2022-12-27T03:11:19.094+0000] {taskinstance.py:1513} INFO - Exporting the following env vars:
AIRFLOW_CTX_DAG_OWNER=kelompok 3
AIRFLOW_CTX_DAG_ID=final_project_dag
AIRFLOW_CTX_TASK_ID=print_date
AIRFLOW_CTX_EXECUTION_DATE=2022-12-27T02:58:22.066764+00:00
AIRFLOW_CTX_TRY_NUMBER=2
AIRFLOW_CTX_DAG_RUN_ID=manual__2022-12-27T02:58:22.066764+00:00
[2022-12-27T03:11:28.067+0000] {subprocess.py:63} INFO - Tmp dir root location: 
 /tmp
[2022-12-27T03:11:29.424+0000] {subprocess.py:75} INFO - Running command: ['/bin/bash', '-c', 'echo date']
