[2022-12-26T20:32:03.748+0000] {taskinstance.py:1087} INFO - Dependencies all met for <TaskInstance: final_project_dag.print_date scheduled__2022-12-21T00:00:00+00:00 [queued]>
[2022-12-26T20:32:03.767+0000] {taskinstance.py:1087} INFO - Dependencies all met for <TaskInstance: final_project_dag.print_date scheduled__2022-12-21T00:00:00+00:00 [queued]>
[2022-12-26T20:32:03.768+0000] {taskinstance.py:1283} INFO - 
--------------------------------------------------------------------------------
[2022-12-26T20:32:03.770+0000] {taskinstance.py:1284} INFO - Starting attempt 3 of 6
[2022-12-26T20:32:03.771+0000] {taskinstance.py:1285} INFO - 
--------------------------------------------------------------------------------
[2022-12-26T20:32:03.787+0000] {taskinstance.py:1304} INFO - Executing <Task(BashOperator): print_date> on 2022-12-21 00:00:00+00:00
[2022-12-26T20:32:03.797+0000] {standard_task_runner.py:55} INFO - Started process 412 to run task
[2022-12-26T20:32:03.801+0000] {standard_task_runner.py:82} INFO - Running: ['***', 'tasks', 'run', 'final_project_dag', 'print_date', 'scheduled__2022-12-21T00:00:00+00:00', '--job-id', '63', '--raw', '--subdir', 'DAGS_FOLDER/final_project_dag.py', '--cfg-path', '/tmp/tmpjfty0f86']
[2022-12-26T20:32:03.805+0000] {standard_task_runner.py:83} INFO - Job 63: Subtask print_date
[2022-12-26T20:32:04.002+0000] {task_command.py:389} INFO - Running <TaskInstance: final_project_dag.print_date scheduled__2022-12-21T00:00:00+00:00 [running]> on host cc45147695ff
[2022-12-26T20:32:04.214+0000] {taskinstance.py:1513} INFO - Exporting the following env vars:
AIRFLOW_CTX_DAG_OWNER=kelompok 3
AIRFLOW_CTX_DAG_ID=final_project_dag
AIRFLOW_CTX_TASK_ID=print_date
AIRFLOW_CTX_EXECUTION_DATE=2022-12-21T00:00:00+00:00
AIRFLOW_CTX_TRY_NUMBER=3
AIRFLOW_CTX_DAG_RUN_ID=scheduled__2022-12-21T00:00:00+00:00
[2022-12-26T20:32:04.219+0000] {subprocess.py:63} INFO - Tmp dir root location: 
 /tmp
[2022-12-26T20:32:04.221+0000] {subprocess.py:75} INFO - Running command: ['/bin/bash', '-c', 'echo date']
[2022-12-26T20:32:04.245+0000] {subprocess.py:86} INFO - Output:
[2022-12-26T20:32:04.250+0000] {subprocess.py:93} INFO - date
[2022-12-26T20:32:04.252+0000] {subprocess.py:97} INFO - Command exited with return code 0
[2022-12-26T20:32:04.360+0000] {taskinstance.py:1327} INFO - Marking task as SUCCESS. dag_id=final_project_dag, task_id=print_date, execution_date=20221221T000000, start_date=20221226T203203, end_date=20221226T203204
[2022-12-26T20:32:04.418+0000] {local_task_job.py:159} INFO - Task exited with return code 0
[2022-12-26T20:32:04.473+0000] {taskinstance.py:2582} INFO - 0 downstream tasks scheduled from follow-on schedule check
