[2022-12-27T05:35:01.446+0000] {taskinstance.py:1087} INFO - Dependencies all met for <TaskInstance: final_project_dag.print_date manual__2022-12-27T05:34:50.156567+00:00 [queued]>
[2022-12-27T05:35:01.468+0000] {taskinstance.py:1087} INFO - Dependencies all met for <TaskInstance: final_project_dag.print_date manual__2022-12-27T05:34:50.156567+00:00 [queued]>
[2022-12-27T05:35:01.470+0000] {taskinstance.py:1283} INFO - 
--------------------------------------------------------------------------------
[2022-12-27T05:35:01.471+0000] {taskinstance.py:1284} INFO - Starting attempt 1 of 6
[2022-12-27T05:35:01.473+0000] {taskinstance.py:1285} INFO - 
--------------------------------------------------------------------------------
[2022-12-27T05:35:01.514+0000] {taskinstance.py:1304} INFO - Executing <Task(BashOperator): print_date> on 2022-12-27 05:34:50.156567+00:00
[2022-12-27T05:35:01.550+0000] {standard_task_runner.py:55} INFO - Started process 140 to run task
[2022-12-27T05:35:01.580+0000] {standard_task_runner.py:82} INFO - Running: ['***', 'tasks', 'run', 'final_project_dag', 'print_date', 'manual__2022-12-27T05:34:50.156567+00:00', '--job-id', '395', '--raw', '--subdir', 'DAGS_FOLDER/final_project_dag.py', '--cfg-path', '/tmp/tmpwdrv_ajc']
[2022-12-27T05:35:01.613+0000] {standard_task_runner.py:83} INFO - Job 395: Subtask print_date
[2022-12-27T05:35:01.831+0000] {task_command.py:389} INFO - Running <TaskInstance: final_project_dag.print_date manual__2022-12-27T05:34:50.156567+00:00 [running]> on host 7fbb65dd0a64
[2022-12-27T05:35:02.666+0000] {taskinstance.py:1513} INFO - Exporting the following env vars:
AIRFLOW_CTX_DAG_OWNER=kelompok 3
AIRFLOW_CTX_DAG_ID=final_project_dag
AIRFLOW_CTX_TASK_ID=print_date
AIRFLOW_CTX_EXECUTION_DATE=2022-12-27T05:34:50.156567+00:00
AIRFLOW_CTX_TRY_NUMBER=1
AIRFLOW_CTX_DAG_RUN_ID=manual__2022-12-27T05:34:50.156567+00:00
[2022-12-27T05:35:02.690+0000] {subprocess.py:63} INFO - Tmp dir root location: 
 /tmp
[2022-12-27T05:35:02.699+0000] {subprocess.py:75} INFO - Running command: ['/bin/bash', '-c', 'date']
[2022-12-27T05:35:02.816+0000] {subprocess.py:86} INFO - Output:
[2022-12-27T05:35:02.843+0000] {subprocess.py:93} INFO - Tue Dec 27 05:35:02 UTC 2022
[2022-12-27T05:35:02.845+0000] {subprocess.py:97} INFO - Command exited with return code 0
[2022-12-27T05:35:03.361+0000] {taskinstance.py:1327} INFO - Marking task as SUCCESS. dag_id=final_project_dag, task_id=print_date, execution_date=20221227T053450, start_date=20221227T053501, end_date=20221227T053503
[2022-12-27T05:35:03.881+0000] {local_task_job.py:159} INFO - Task exited with return code 0
[2022-12-27T05:35:04.105+0000] {taskinstance.py:2582} INFO - 1 downstream tasks scheduled from follow-on schedule check
