[2022-12-26T21:02:41.417+0000] {taskinstance.py:1087} INFO - Dependencies all met for <TaskInstance: final_project_dag.print_date manual__2022-12-26T21:02:35.746735+00:00 [queued]>
[2022-12-26T21:02:41.483+0000] {taskinstance.py:1087} INFO - Dependencies all met for <TaskInstance: final_project_dag.print_date manual__2022-12-26T21:02:35.746735+00:00 [queued]>
[2022-12-26T21:02:41.486+0000] {taskinstance.py:1283} INFO - 
--------------------------------------------------------------------------------
[2022-12-26T21:02:41.489+0000] {taskinstance.py:1284} INFO - Starting attempt 1 of 6
[2022-12-26T21:02:41.491+0000] {taskinstance.py:1285} INFO - 
--------------------------------------------------------------------------------
[2022-12-26T21:02:41.548+0000] {taskinstance.py:1304} INFO - Executing <Task(BashOperator): print_date> on 2022-12-26 21:02:35.746735+00:00
[2022-12-26T21:02:41.579+0000] {standard_task_runner.py:55} INFO - Started process 364 to run task
[2022-12-26T21:02:41.596+0000] {standard_task_runner.py:82} INFO - Running: ['***', 'tasks', 'run', 'final_project_dag', 'print_date', 'manual__2022-12-26T21:02:35.746735+00:00', '--job-id', '114', '--raw', '--subdir', 'DAGS_FOLDER/final_project_dag.py', '--cfg-path', '/tmp/tmph8nu97wn']
[2022-12-26T21:02:41.602+0000] {standard_task_runner.py:83} INFO - Job 114: Subtask print_date
[2022-12-26T21:02:42.674+0000] {task_command.py:389} INFO - Running <TaskInstance: final_project_dag.print_date manual__2022-12-26T21:02:35.746735+00:00 [running]> on host 3dc0e72111ec
[2022-12-26T21:02:43.074+0000] {taskinstance.py:1513} INFO - Exporting the following env vars:
AIRFLOW_CTX_DAG_OWNER=kelompok 3
AIRFLOW_CTX_DAG_ID=final_project_dag
AIRFLOW_CTX_TASK_ID=print_date
AIRFLOW_CTX_EXECUTION_DATE=2022-12-26T21:02:35.746735+00:00
AIRFLOW_CTX_TRY_NUMBER=1
AIRFLOW_CTX_DAG_RUN_ID=manual__2022-12-26T21:02:35.746735+00:00
[2022-12-26T21:02:43.082+0000] {subprocess.py:63} INFO - Tmp dir root location: 
 /tmp
[2022-12-26T21:02:43.086+0000] {subprocess.py:75} INFO - Running command: ['/bin/bash', '-c', 'echo date']
[2022-12-26T21:02:43.120+0000] {subprocess.py:86} INFO - Output:
[2022-12-26T21:02:43.127+0000] {subprocess.py:93} INFO - date
[2022-12-26T21:02:43.129+0000] {subprocess.py:97} INFO - Command exited with return code 0
[2022-12-26T21:02:43.261+0000] {taskinstance.py:1327} INFO - Marking task as SUCCESS. dag_id=final_project_dag, task_id=print_date, execution_date=20221226T210235, start_date=20221226T210241, end_date=20221226T210243
[2022-12-26T21:02:43.449+0000] {local_task_job.py:159} INFO - Task exited with return code 0
[2022-12-26T21:02:43.573+0000] {taskinstance.py:2582} INFO - 0 downstream tasks scheduled from follow-on schedule check
