[2022-12-27T03:16:10.988+0000] {taskinstance.py:1087} INFO - Dependencies all met for <TaskInstance: final_project_dag.print_date manual__2022-12-27T03:08:09.928775+00:00 [queued]>
[2022-12-27T03:16:11.116+0000] {taskinstance.py:1087} INFO - Dependencies all met for <TaskInstance: final_project_dag.print_date manual__2022-12-27T03:08:09.928775+00:00 [queued]>
[2022-12-27T03:16:11.120+0000] {taskinstance.py:1283} INFO - 
--------------------------------------------------------------------------------
[2022-12-27T03:16:11.127+0000] {taskinstance.py:1284} INFO - Starting attempt 1 of 6
[2022-12-27T03:16:11.131+0000] {taskinstance.py:1285} INFO - 
--------------------------------------------------------------------------------
[2022-12-27T03:16:11.253+0000] {taskinstance.py:1304} INFO - Executing <Task(BashOperator): print_date> on 2022-12-27 03:08:09.928775+00:00
[2022-12-27T03:16:11.309+0000] {standard_task_runner.py:55} INFO - Started process 92 to run task
[2022-12-27T03:16:11.366+0000] {standard_task_runner.py:82} INFO - Running: ['***', 'tasks', 'run', 'final_project_dag', 'print_date', 'manual__2022-12-27T03:08:09.928775+00:00', '--job-id', '292', '--raw', '--subdir', 'DAGS_FOLDER/final_project_dag.py', '--cfg-path', '/tmp/tmp9ib1x5rp']
[2022-12-27T03:16:16.481+0000] {standard_task_runner.py:83} INFO - Job 292: Subtask print_date
[2022-12-27T03:16:22.733+0000] {task_command.py:389} INFO - Running <TaskInstance: final_project_dag.print_date manual__2022-12-27T03:08:09.928775+00:00 [running]> on host b40088984618
[2022-12-27T03:16:26.185+0000] {taskinstance.py:1513} INFO - Exporting the following env vars:
AIRFLOW_CTX_DAG_OWNER=kelompok 3
AIRFLOW_CTX_DAG_ID=final_project_dag
AIRFLOW_CTX_TASK_ID=print_date
AIRFLOW_CTX_EXECUTION_DATE=2022-12-27T03:08:09.928775+00:00
AIRFLOW_CTX_TRY_NUMBER=1
AIRFLOW_CTX_DAG_RUN_ID=manual__2022-12-27T03:08:09.928775+00:00
[2022-12-27T03:16:26.242+0000] {subprocess.py:63} INFO - Tmp dir root location: 
 /tmp
[2022-12-27T03:16:26.251+0000] {subprocess.py:75} INFO - Running command: ['/bin/bash', '-c', 'echo date']
[2022-12-27T03:16:26.841+0000] {subprocess.py:86} INFO - Output:
[2022-12-27T03:16:27.011+0000] {subprocess.py:93} INFO - date
[2022-12-27T03:16:27.030+0000] {subprocess.py:97} INFO - Command exited with return code 0
[2022-12-27T03:16:27.835+0000] {taskinstance.py:1327} INFO - Marking task as SUCCESS. dag_id=final_project_dag, task_id=print_date, execution_date=20221227T030809, start_date=20221227T031611, end_date=20221227T031627
[2022-12-27T03:16:30.313+0000] {local_task_job.py:159} INFO - Task exited with return code 0
[2022-12-27T03:16:30.471+0000] {taskinstance.py:2582} INFO - 0 downstream tasks scheduled from follow-on schedule check
