[2022-12-27T04:19:27.555+0000] {taskinstance.py:1087} INFO - Dependencies all met for <TaskInstance: final_project_dag.print_date manual__2022-12-27T04:18:25.039586+00:00 [queued]>
[2022-12-27T04:19:27.986+0000] {taskinstance.py:1087} INFO - Dependencies all met for <TaskInstance: final_project_dag.print_date manual__2022-12-27T04:18:25.039586+00:00 [queued]>
[2022-12-27T04:19:27.996+0000] {taskinstance.py:1283} INFO - 
--------------------------------------------------------------------------------
[2022-12-27T04:19:28.004+0000] {taskinstance.py:1284} INFO - Starting attempt 1 of 6
[2022-12-27T04:19:28.012+0000] {taskinstance.py:1285} INFO - 
--------------------------------------------------------------------------------
[2022-12-27T04:19:28.552+0000] {taskinstance.py:1304} INFO - Executing <Task(BashOperator): print_date> on 2022-12-27 04:18:25.039586+00:00
[2022-12-27T04:19:28.922+0000] {standard_task_runner.py:55} INFO - Started process 544 to run task
[2022-12-27T04:19:29.449+0000] {standard_task_runner.py:82} INFO - Running: ['***', 'tasks', 'run', 'final_project_dag', 'print_date', 'manual__2022-12-27T04:18:25.039586+00:00', '--job-id', '327', '--raw', '--subdir', 'DAGS_FOLDER/final_project_dag.py', '--cfg-path', '/tmp/tmp41cx1ula']
[2022-12-27T04:19:29.873+0000] {standard_task_runner.py:83} INFO - Job 327: Subtask print_date
[2022-12-27T04:19:32.480+0000] {task_command.py:389} INFO - Running <TaskInstance: final_project_dag.print_date manual__2022-12-27T04:18:25.039586+00:00 [running]> on host 6026fe33842a
[2022-12-27T04:19:40.088+0000] {taskinstance.py:1513} INFO - Exporting the following env vars:
AIRFLOW_CTX_DAG_OWNER=kelompok 3
AIRFLOW_CTX_DAG_ID=final_project_dag
AIRFLOW_CTX_TASK_ID=print_date
AIRFLOW_CTX_EXECUTION_DATE=2022-12-27T04:18:25.039586+00:00
AIRFLOW_CTX_TRY_NUMBER=1
AIRFLOW_CTX_DAG_RUN_ID=manual__2022-12-27T04:18:25.039586+00:00
[2022-12-27T04:19:40.202+0000] {subprocess.py:63} INFO - Tmp dir root location: 
 /tmp
[2022-12-27T04:19:40.263+0000] {subprocess.py:75} INFO - Running command: ['/bin/bash', '-c', 'date']
[2022-12-27T04:19:41.412+0000] {subprocess.py:86} INFO - Output:
[2022-12-27T04:19:43.118+0000] {subprocess.py:93} INFO - Tue Dec 27 04:19:43 UTC 2022
[2022-12-27T04:19:43.371+0000] {subprocess.py:97} INFO - Command exited with return code 0
[2022-12-27T04:19:45.555+0000] {taskinstance.py:1327} INFO - Marking task as SUCCESS. dag_id=final_project_dag, task_id=print_date, execution_date=20221227T041825, start_date=20221227T041927, end_date=20221227T041945
[2022-12-27T04:19:48.121+0000] {local_task_job.py:159} INFO - Task exited with return code 0
[2022-12-27T04:19:50.055+0000] {taskinstance.py:2582} INFO - 0 downstream tasks scheduled from follow-on schedule check
