[2022-12-27T05:35:11.114+0000] {taskinstance.py:1087} INFO - Dependencies all met for <TaskInstance: final_project_dag.extract manual__2022-12-27T05:34:50.156567+00:00 [queued]>
[2022-12-27T05:35:11.140+0000] {taskinstance.py:1087} INFO - Dependencies all met for <TaskInstance: final_project_dag.extract manual__2022-12-27T05:34:50.156567+00:00 [queued]>
[2022-12-27T05:35:11.142+0000] {taskinstance.py:1283} INFO - 
--------------------------------------------------------------------------------
[2022-12-27T05:35:11.144+0000] {taskinstance.py:1284} INFO - Starting attempt 1 of 6
[2022-12-27T05:35:11.146+0000] {taskinstance.py:1285} INFO - 
--------------------------------------------------------------------------------
[2022-12-27T05:35:11.178+0000] {taskinstance.py:1304} INFO - Executing <Task(PythonOperator): extract> on 2022-12-27 05:34:50.156567+00:00
[2022-12-27T05:35:11.196+0000] {standard_task_runner.py:55} INFO - Started process 144 to run task
[2022-12-27T05:35:11.207+0000] {standard_task_runner.py:82} INFO - Running: ['***', 'tasks', 'run', 'final_project_dag', 'extract', 'manual__2022-12-27T05:34:50.156567+00:00', '--job-id', '396', '--raw', '--subdir', 'DAGS_FOLDER/final_project_dag.py', '--cfg-path', '/tmp/tmpfiypfkht']
[2022-12-27T05:35:11.212+0000] {standard_task_runner.py:83} INFO - Job 396: Subtask extract
[2022-12-27T05:35:11.402+0000] {task_command.py:389} INFO - Running <TaskInstance: final_project_dag.extract manual__2022-12-27T05:34:50.156567+00:00 [running]> on host 7fbb65dd0a64
[2022-12-27T05:35:11.619+0000] {taskinstance.py:1513} INFO - Exporting the following env vars:
AIRFLOW_CTX_DAG_OWNER=kelompok 3
AIRFLOW_CTX_DAG_ID=final_project_dag
AIRFLOW_CTX_TASK_ID=extract
AIRFLOW_CTX_EXECUTION_DATE=2022-12-27T05:34:50.156567+00:00
AIRFLOW_CTX_TRY_NUMBER=1
AIRFLOW_CTX_DAG_RUN_ID=manual__2022-12-27T05:34:50.156567+00:00
[2022-12-27T05:35:11.626+0000] {conn.py:372} INFO - <BrokerConnection node_id=bootstrap-0 host=broker:9092 <connecting> [IPv4 ('172.25.0.4', 9092)]>: connecting to broker:9092 [('172.25.0.4', 9092) IPv4]
[2022-12-27T05:35:11.628+0000] {conn.py:1049} INFO - Probing node bootstrap-0 broker version
[2022-12-27T05:35:11.630+0000] {conn.py:401} INFO - <BrokerConnection node_id=bootstrap-0 host=broker:9092 <connecting> [IPv4 ('172.25.0.4', 9092)]>: Connection complete.
[2022-12-27T05:35:11.768+0000] {conn.py:1106} INFO - Broker version identifed as 1.0.0
[2022-12-27T05:35:11.770+0000] {conn.py:1108} INFO - Set configuration api_version=(1, 0, 0) to skip auto check_version requests on startup
[2022-12-27T05:35:11.777+0000] {subscription_state.py:171} INFO - Updating subscribed topics to: ('projek_akhir',)
[2022-12-27T05:35:15.836+0000] {logging_mixin.py:137} INFO - Connected
[2022-12-27T05:35:15.848+0000] {streaming.py:185} INFO - Stream connected
[2022-12-27T05:35:20.921+0000] {logging_mixin.py:137} INFO - b'{"text": "RT @iconickdramas: Now watching Alice In Borderland 2 and this drama is really worth the wait !!!\\n\\nThe games are all upgraded and I REALLY\\u2026"}'
[2022-12-27T05:35:20.958+0000] {conn.py:372} INFO - <BrokerConnection node_id=1003 host=broker:9092 <connecting> [IPv4 ('172.25.0.4', 9092)]>: connecting to broker:9092 [('172.25.0.4', 9092) IPv4]
[2022-12-27T05:35:20.962+0000] {conn.py:401} INFO - <BrokerConnection node_id=1003 host=broker:9092 <connecting> [IPv4 ('172.25.0.4', 9092)]>: Connection complete.
[2022-12-27T05:35:20.965+0000] {conn.py:811} INFO - <BrokerConnection node_id=bootstrap-0 host=broker:9092 <connected> [IPv4 ('172.25.0.4', 9092)]>: Closing connection. 
[2022-12-27T05:35:20.990+0000] {logging_mixin.py:137} INFO - b'{"text": "RT @thurilluwalk: Obsessed with Alice in Borderland 2 atm  and just wanna remind everyone that we got a Mina and Miyoshi Ayaka (Ann) intera\\u2026"}'
[2022-12-27T05:35:26.047+0000] {logging_mixin.py:137} INFO - b'{"text": "RT @gyeoulae: nijiro murakami aka chishiya from alice in borderland is so handsome \\ud83e\\udd75\\ud83e\\udd75  https://t.co/CgrMqInuxi"}'
[2022-12-27T05:35:27.929+0000] {logging_mixin.py:137} INFO - b'{"text": "@Jando2079 @vanehupp Alice in the borderland"}'
[2022-12-27T05:35:27.957+0000] {logging_mixin.py:137} INFO - b'{"text": "OH HE\'S NAKED\\nHE ALSO HAS A NICE ASS https://t.co/jmYyhC8GLV"}'
[2022-12-27T05:35:28.938+0000] {logging_mixin.py:137} INFO - b'{"text": "I am all for the calm narration that Chishiya does. Moisturized, fashionable, unbothered king."}'
[2022-12-27T05:35:37.967+0000] {logging_mixin.py:137} INFO - b'{"text": "RT @SEUNGlNNIE: Ayaka Miyoshi who plays Ann in alice in borderland (who is also a stay) https://t.co/8oan7ZfT2j"}'
[2022-12-27T05:35:41.035+0000] {logging_mixin.py:137} INFO - b'{"text": "RT @jaehworId: episode 2 of alice in borderland season 2 without context #AliceInBorderland2 https://t.co/jZGEOthuxS"}'
[2022-12-27T05:35:45.061+0000] {logging_mixin.py:137} INFO - b'{"text": "We live in a society where \\"Squid Game\\" is more preferable and popular than \\"Alice in Borderland\\""}'
[2022-12-27T05:35:45.928+0000] {logging_mixin.py:137} INFO - b'{"text": "@vanehupp Alice in the borderland"}'
[2022-12-27T05:35:45.934+0000] {streaming.py:180} ERROR - Stream connection closed by Twitter
[2022-12-27T05:35:45.981+0000] {logging_mixin.py:137} INFO - Disconnected
[2022-12-27T05:35:46.003+0000] {streaming.py:193} INFO - Stream disconnected
[2022-12-27T05:35:46.018+0000] {conn.py:372} INFO - <BrokerConnection node_id=bootstrap-0 host=broker:9092 <connecting> [IPv4 ('172.25.0.4', 9092)]>: connecting to broker:9092 [('172.25.0.4', 9092) IPv4]
[2022-12-27T05:35:46.125+0000] {conn.py:401} INFO - <BrokerConnection node_id=bootstrap-0 host=broker:9092 <connecting> [IPv4 ('172.25.0.4', 9092)]>: Connection complete.
[2022-12-27T05:35:46.357+0000] {cluster.py:376} INFO - Group coordinator for consumers is (1003, 'broker', 9092, None)
[2022-12-27T05:35:46.371+0000] {base.py:688} INFO - Discovered coordinator 1003 for group consumers
[2022-12-27T05:35:46.379+0000] {base.py:735} INFO - Starting new heartbeat thread
[2022-12-27T05:35:46.387+0000] {consumer.py:342} INFO - Revoking previously assigned partitions () for group consumers
[2022-12-27T05:35:46.405+0000] {conn.py:372} INFO - <BrokerConnection node_id=1003 host=broker:9092 <connecting> [IPv4 ('172.25.0.4', 9092)]>: connecting to broker:9092 [('172.25.0.4', 9092) IPv4]
[2022-12-27T05:35:46.518+0000] {conn.py:401} INFO - <BrokerConnection node_id=1003 host=broker:9092 <connecting> [IPv4 ('172.25.0.4', 9092)]>: Connection complete.
[2022-12-27T05:35:46.522+0000] {conn.py:811} INFO - <BrokerConnection node_id=bootstrap-0 host=broker:9092 <connected> [IPv4 ('172.25.0.4', 9092)]>: Closing connection. 
[2022-12-27T05:35:46.626+0000] {base.py:447} INFO - (Re-)joining group consumers
[2022-12-27T05:35:46.822+0000] {base.py:516} INFO - Elected group leader -- performing partition assignments using range
[2022-12-27T05:35:47.015+0000] {base.py:333} INFO - Successfully joined group consumers with generation 9
[2022-12-27T05:35:47.037+0000] {subscription_state.py:257} INFO - Updated partition assignment: [('projek_akhir', 0)]
[2022-12-27T05:35:47.048+0000] {consumer.py:239} INFO - Setting newly assigned partitions (('projek_akhir', 0),) for group consumers
[2022-12-27T05:35:48.162+0000] {logging_mixin.py:137} INFO - <bound method NDFrame.head of                                                      0
0                                 why stays are so hot
1    wts lfb netfli month l shared profile l solo p...
2                                           thank you 
3                     now watching alice in borderland
4                                   thank you sejeong 
..                                                 ...
619   sandman alice in borderland inside man all re...
620          rekomendasi outfit ala korea under k htt 
621   alice in borderland season is bigger crazier ...
622                               hot people stan skz 
623                  righttttt its one of my fav shows

[624 rows x 1 columns]>
[2022-12-27T05:35:48.215+0000] {python.py:177} INFO - Done. Returned value was: None
[2022-12-27T05:35:48.376+0000] {base.py:742} INFO - Stopping heartbeat thread
[2022-12-27T05:35:48.392+0000] {logging_mixin.py:137} WARNING - Exception ignored in: <function ConsumerCoordinator.__del__ at 0xffff7ca4b8c0>
[2022-12-27T05:35:48.403+0000] {logging_mixin.py:137} WARNING - Traceback (most recent call last):
[2022-12-27T05:35:48.410+0000] {logging_mixin.py:137} WARNING -   File "/home/***/.local/lib/python3.7/site-packages/kafka/coordinator/consumer.py", line 131, in __del__
[2022-12-27T05:35:48.423+0000] {logging_mixin.py:137} WARNING -     super(ConsumerCoordinator, self).__del__()
[2022-12-27T05:35:48.426+0000] {logging_mixin.py:137} WARNING -   File "/home/***/.local/lib/python3.7/site-packages/kafka/coordinator/base.py", line 750, in __del__
[2022-12-27T05:35:48.437+0000] {logging_mixin.py:137} WARNING -     self._close_heartbeat_thread()
[2022-12-27T05:35:48.439+0000] {logging_mixin.py:137} WARNING -   File "/home/***/.local/lib/python3.7/site-packages/kafka/coordinator/base.py", line 744, in _close_heartbeat_thread
[2022-12-27T05:35:48.442+0000] {logging_mixin.py:137} WARNING -     self._heartbeat_thread.close()
[2022-12-27T05:35:48.444+0000] {logging_mixin.py:137} WARNING -   File "/home/***/.local/lib/python3.7/site-packages/kafka/coordinator/base.py", line 921, in close
[2022-12-27T05:35:48.448+0000] {logging_mixin.py:137} WARNING -     self.join(self.coordinator.config['heartbeat_interval_ms'] / 1000)
[2022-12-27T05:35:48.450+0000] {logging_mixin.py:137} WARNING -   File "/usr/local/lib/python3.7/threading.py", line 1041, in join
[2022-12-27T05:35:48.453+0000] {logging_mixin.py:137} WARNING -     raise RuntimeError("cannot join current thread")
[2022-12-27T05:35:48.454+0000] {logging_mixin.py:137} WARNING - RuntimeError: cannot join current thread
[2022-12-27T05:35:48.530+0000] {taskinstance.py:1327} INFO - Marking task as SUCCESS. dag_id=final_project_dag, task_id=extract, execution_date=20221227T053450, start_date=20221227T053511, end_date=20221227T053548
[2022-12-27T05:35:48.897+0000] {local_task_job.py:159} INFO - Task exited with return code 0
[2022-12-27T05:35:49.247+0000] {taskinstance.py:2582} INFO - 1 downstream tasks scheduled from follow-on schedule check
