[2022-12-27T04:42:07.872+0000] {taskinstance.py:1087} INFO - Dependencies all met for <TaskInstance: final_project_dag.print_date manual__2022-12-27T04:40:30.365993+00:00 [queued]>
[2022-12-27T04:42:10.687+0000] {taskinstance.py:1087} INFO - Dependencies all met for <TaskInstance: final_project_dag.print_date manual__2022-12-27T04:40:30.365993+00:00 [queued]>
[2022-12-27T04:42:10.852+0000] {taskinstance.py:1283} INFO - 
--------------------------------------------------------------------------------
[2022-12-27T04:42:10.883+0000] {taskinstance.py:1284} INFO - Starting attempt 1 of 6
[2022-12-27T04:42:10.891+0000] {taskinstance.py:1285} INFO - 
--------------------------------------------------------------------------------
[2022-12-27T04:42:38.873+0000] {taskinstance.py:1304} INFO - Executing <Task(BashOperator): print_date> on 2022-12-27 04:40:30.365993+00:00
[2022-12-27T04:42:41.539+0000] {standard_task_runner.py:55} INFO - Started process 1030 to run task
[2022-12-27T04:42:41.812+0000] {standard_task_runner.py:82} INFO - Running: ['***', 'tasks', 'run', 'final_project_dag', 'print_date', 'manual__2022-12-27T04:40:30.365993+00:00', '--job-id', '371', '--raw', '--subdir', 'DAGS_FOLDER/final_project_dag.py', '--cfg-path', '/tmp/tmp0mrr5xv5']
[2022-12-27T04:42:42.782+0000] {standard_task_runner.py:83} INFO - Job 371: Subtask print_date
[2022-12-27T04:42:51.909+0000] {task_command.py:389} INFO - Running <TaskInstance: final_project_dag.print_date manual__2022-12-27T04:40:30.365993+00:00 [running]> on host 6026fe33842a
[2022-12-27T04:43:23.675+0000] {taskinstance.py:1513} INFO - Exporting the following env vars:
AIRFLOW_CTX_DAG_OWNER=kelompok 3
AIRFLOW_CTX_DAG_ID=final_project_dag
AIRFLOW_CTX_TASK_ID=print_date
AIRFLOW_CTX_EXECUTION_DATE=2022-12-27T04:40:30.365993+00:00
AIRFLOW_CTX_TRY_NUMBER=1
AIRFLOW_CTX_DAG_RUN_ID=manual__2022-12-27T04:40:30.365993+00:00
[2022-12-27T04:43:24.841+0000] {subprocess.py:63} INFO - Tmp dir root location: 
 /tmp
[2022-12-27T04:43:24.891+0000] {subprocess.py:75} INFO - Running command: ['/bin/bash', '-c', 'date']
[2022-12-27T04:43:34.403+0000] {subprocess.py:86} INFO - Output:
[2022-12-27T04:43:35.107+0000] {subprocess.py:93} INFO - Tue Dec 27 04:43:35 UTC 2022
[2022-12-27T04:43:35.546+0000] {subprocess.py:97} INFO - Command exited with return code 0
[2022-12-27T04:44:03.446+0000] {taskinstance.py:1327} INFO - Marking task as SUCCESS. dag_id=final_project_dag, task_id=print_date, execution_date=20221227T044030, start_date=20221227T044208, end_date=20221227T044403
[2022-12-27T04:44:33.267+0000] {local_task_job.py:159} INFO - Task exited with return code 0
[2022-12-27T04:44:45.245+0000] {taskinstance.py:2582} INFO - 0 downstream tasks scheduled from follow-on schedule check
