[2022-12-27T02:36:21.495+0000] {taskinstance.py:1087} INFO - Dependencies all met for <TaskInstance: final_project_dag.print_date manual__2022-12-27T02:36:06.825043+00:00 [queued]>
[2022-12-27T02:36:21.703+0000] {taskinstance.py:1087} INFO - Dependencies all met for <TaskInstance: final_project_dag.print_date manual__2022-12-27T02:36:06.825043+00:00 [queued]>
[2022-12-27T02:36:21.709+0000] {taskinstance.py:1283} INFO - 
--------------------------------------------------------------------------------
[2022-12-27T02:36:21.713+0000] {taskinstance.py:1284} INFO - Starting attempt 1 of 6
[2022-12-27T02:36:21.716+0000] {taskinstance.py:1285} INFO - 
--------------------------------------------------------------------------------
[2022-12-27T02:36:21.921+0000] {taskinstance.py:1304} INFO - Executing <Task(BashOperator): print_date> on 2022-12-27 02:36:06.825043+00:00
[2022-12-27T02:36:22.479+0000] {standard_task_runner.py:55} INFO - Started process 205 to run task
[2022-12-27T02:36:22.983+0000] {standard_task_runner.py:82} INFO - Running: ['***', 'tasks', 'run', 'final_project_dag', 'print_date', 'manual__2022-12-27T02:36:06.825043+00:00', '--job-id', '207', '--raw', '--subdir', 'DAGS_FOLDER/final_project_dag.py', '--cfg-path', '/tmp/tmp32srmhbz']
[2022-12-27T02:36:30.383+0000] {standard_task_runner.py:83} INFO - Job 207: Subtask print_date
[2022-12-27T02:36:31.530+0000] {task_command.py:389} INFO - Running <TaskInstance: final_project_dag.print_date manual__2022-12-27T02:36:06.825043+00:00 [running]> on host 7ef23135e71b
[2022-12-27T02:36:32.539+0000] {taskinstance.py:1513} INFO - Exporting the following env vars:
AIRFLOW_CTX_DAG_OWNER=kelompok 3
AIRFLOW_CTX_DAG_ID=final_project_dag
AIRFLOW_CTX_TASK_ID=print_date
AIRFLOW_CTX_EXECUTION_DATE=2022-12-27T02:36:06.825043+00:00
AIRFLOW_CTX_TRY_NUMBER=1
AIRFLOW_CTX_DAG_RUN_ID=manual__2022-12-27T02:36:06.825043+00:00
[2022-12-27T02:36:32.553+0000] {subprocess.py:63} INFO - Tmp dir root location: 
 /tmp
[2022-12-27T02:36:32.561+0000] {subprocess.py:75} INFO - Running command: ['/bin/bash', '-c', 'echo date']
[2022-12-27T02:36:32.902+0000] {subprocess.py:86} INFO - Output:
[2022-12-27T02:36:33.016+0000] {subprocess.py:93} INFO - date
[2022-12-27T02:36:33.036+0000] {subprocess.py:97} INFO - Command exited with return code 0
[2022-12-27T02:36:33.651+0000] {taskinstance.py:1327} INFO - Marking task as SUCCESS. dag_id=final_project_dag, task_id=print_date, execution_date=20221227T023606, start_date=20221227T023621, end_date=20221227T023633
[2022-12-27T02:36:35.094+0000] {local_task_job.py:159} INFO - Task exited with return code 0
[2022-12-27T02:36:35.723+0000] {taskinstance.py:2582} INFO - 0 downstream tasks scheduled from follow-on schedule check
