[2022-12-27T03:52:35.671+0000] {taskinstance.py:1087} INFO - Dependencies all met for <TaskInstance: final_project_dag.print_date manual__2022-12-27T03:52:31.715799+00:00 [queued]>
[2022-12-27T03:52:35.712+0000] {taskinstance.py:1087} INFO - Dependencies all met for <TaskInstance: final_project_dag.print_date manual__2022-12-27T03:52:31.715799+00:00 [queued]>
[2022-12-27T03:52:35.714+0000] {taskinstance.py:1283} INFO - 
--------------------------------------------------------------------------------
[2022-12-27T03:52:35.716+0000] {taskinstance.py:1284} INFO - Starting attempt 1 of 6
[2022-12-27T03:52:35.718+0000] {taskinstance.py:1285} INFO - 
--------------------------------------------------------------------------------
[2022-12-27T03:52:35.763+0000] {taskinstance.py:1304} INFO - Executing <Task(BashOperator): print_date> on 2022-12-27 03:52:31.715799+00:00
[2022-12-27T03:52:35.787+0000] {standard_task_runner.py:55} INFO - Started process 582 to run task
[2022-12-27T03:52:35.811+0000] {standard_task_runner.py:82} INFO - Running: ['***', 'tasks', 'run', 'final_project_dag', 'print_date', 'manual__2022-12-27T03:52:31.715799+00:00', '--job-id', '313', '--raw', '--subdir', 'DAGS_FOLDER/final_project_dag.py', '--cfg-path', '/tmp/tmpgxe5_k3l']
[2022-12-27T03:52:35.827+0000] {standard_task_runner.py:83} INFO - Job 313: Subtask print_date
[2022-12-27T03:52:37.578+0000] {task_command.py:389} INFO - Running <TaskInstance: final_project_dag.print_date manual__2022-12-27T03:52:31.715799+00:00 [running]> on host b40088984618
[2022-12-27T03:52:37.990+0000] {taskinstance.py:1513} INFO - Exporting the following env vars:
AIRFLOW_CTX_DAG_OWNER=kelompok 3
AIRFLOW_CTX_DAG_ID=final_project_dag
AIRFLOW_CTX_TASK_ID=print_date
AIRFLOW_CTX_EXECUTION_DATE=2022-12-27T03:52:31.715799+00:00
AIRFLOW_CTX_TRY_NUMBER=1
AIRFLOW_CTX_DAG_RUN_ID=manual__2022-12-27T03:52:31.715799+00:00
[2022-12-27T03:52:37.997+0000] {subprocess.py:63} INFO - Tmp dir root location: 
 /tmp
[2022-12-27T03:52:38.001+0000] {subprocess.py:75} INFO - Running command: ['/bin/bash', '-c', 'date']
[2022-12-27T03:52:38.092+0000] {subprocess.py:86} INFO - Output:
[2022-12-27T03:52:38.102+0000] {subprocess.py:93} INFO - Tue Dec 27 03:52:38 UTC 2022
[2022-12-27T03:52:38.104+0000] {subprocess.py:97} INFO - Command exited with return code 0
[2022-12-27T03:52:38.355+0000] {taskinstance.py:1327} INFO - Marking task as SUCCESS. dag_id=final_project_dag, task_id=print_date, execution_date=20221227T035231, start_date=20221227T035235, end_date=20221227T035238
[2022-12-27T03:52:38.587+0000] {local_task_job.py:159} INFO - Task exited with return code 0
[2022-12-27T03:52:38.738+0000] {taskinstance.py:2582} INFO - 0 downstream tasks scheduled from follow-on schedule check
