[2022-12-27T03:34:26.550+0000] {taskinstance.py:1087} INFO - Dependencies all met for <TaskInstance: final_project_dag.print_date manual__2022-12-27T03:34:09.916721+00:00 [queued]>
[2022-12-27T03:34:26.754+0000] {taskinstance.py:1087} INFO - Dependencies all met for <TaskInstance: final_project_dag.print_date manual__2022-12-27T03:34:09.916721+00:00 [queued]>
[2022-12-27T03:34:26.757+0000] {taskinstance.py:1283} INFO - 
--------------------------------------------------------------------------------
[2022-12-27T03:34:26.762+0000] {taskinstance.py:1284} INFO - Starting attempt 1 of 6
[2022-12-27T03:34:26.766+0000] {taskinstance.py:1285} INFO - 
--------------------------------------------------------------------------------
[2022-12-27T03:34:27.002+0000] {taskinstance.py:1304} INFO - Executing <Task(BashOperator): print_date> on 2022-12-27 03:34:09.916721+00:00
[2022-12-27T03:34:27.163+0000] {standard_task_runner.py:55} INFO - Started process 1051 to run task
[2022-12-27T03:34:27.220+0000] {standard_task_runner.py:82} INFO - Running: ['***', 'tasks', 'run', 'final_project_dag', 'print_date', 'manual__2022-12-27T03:34:09.916721+00:00', '--job-id', '304', '--raw', '--subdir', 'DAGS_FOLDER/final_project_dag.py', '--cfg-path', '/tmp/tmpnjlqreej']
[2022-12-27T03:34:27.245+0000] {standard_task_runner.py:83} INFO - Job 304: Subtask print_date
[2022-12-27T03:34:38.894+0000] {task_command.py:389} INFO - Running <TaskInstance: final_project_dag.print_date manual__2022-12-27T03:34:09.916721+00:00 [running]> on host b40088984618
[2022-12-27T03:34:41.464+0000] {taskinstance.py:1513} INFO - Exporting the following env vars:
AIRFLOW_CTX_DAG_OWNER=kelompok 3
AIRFLOW_CTX_DAG_ID=final_project_dag
AIRFLOW_CTX_TASK_ID=print_date
AIRFLOW_CTX_EXECUTION_DATE=2022-12-27T03:34:09.916721+00:00
AIRFLOW_CTX_TRY_NUMBER=1
AIRFLOW_CTX_DAG_RUN_ID=manual__2022-12-27T03:34:09.916721+00:00
[2022-12-27T03:34:41.557+0000] {subprocess.py:63} INFO - Tmp dir root location: 
 /tmp
[2022-12-27T03:34:41.656+0000] {subprocess.py:75} INFO - Running command: ['/bin/bash', '-c', 'echo date']
[2022-12-27T03:34:42.292+0000] {subprocess.py:86} INFO - Output:
[2022-12-27T03:34:42.352+0000] {subprocess.py:93} INFO - date
[2022-12-27T03:34:42.360+0000] {subprocess.py:97} INFO - Command exited with return code 0
[2022-12-27T03:34:43.143+0000] {taskinstance.py:1327} INFO - Marking task as SUCCESS. dag_id=final_project_dag, task_id=print_date, execution_date=20221227T033409, start_date=20221227T033426, end_date=20221227T033443
[2022-12-27T03:34:45.289+0000] {local_task_job.py:159} INFO - Task exited with return code 0
[2022-12-27T03:34:58.277+0000] {taskinstance.py:2582} INFO - 0 downstream tasks scheduled from follow-on schedule check
