[2022-12-26T20:28:02.295+0000] {taskinstance.py:1087} INFO - Dependencies all met for <TaskInstance: final_project_dag.print_date manual__2022-12-26T20:27:58.698531+00:00 [queued]>
[2022-12-26T20:28:02.312+0000] {taskinstance.py:1087} INFO - Dependencies all met for <TaskInstance: final_project_dag.print_date manual__2022-12-26T20:27:58.698531+00:00 [queued]>
[2022-12-26T20:28:02.313+0000] {taskinstance.py:1283} INFO - 
--------------------------------------------------------------------------------
[2022-12-26T20:28:02.314+0000] {taskinstance.py:1284} INFO - Starting attempt 1 of 6
[2022-12-26T20:28:02.316+0000] {taskinstance.py:1285} INFO - 
--------------------------------------------------------------------------------
[2022-12-26T20:28:02.339+0000] {taskinstance.py:1304} INFO - Executing <Task(BashOperator): print_date> on 2022-12-26 20:27:58.698531+00:00
[2022-12-26T20:28:02.357+0000] {standard_task_runner.py:55} INFO - Started process 146 to run task
[2022-12-26T20:28:02.405+0000] {standard_task_runner.py:82} INFO - Running: ['***', 'tasks', 'run', 'final_project_dag', 'print_date', 'manual__2022-12-26T20:27:58.698531+00:00', '--job-id', '62', '--raw', '--subdir', 'DAGS_FOLDER/final_project_dag.py', '--cfg-path', '/tmp/tmponacip_j']
[2022-12-26T20:28:03.564+0000] {standard_task_runner.py:83} INFO - Job 62: Subtask print_date
[2022-12-26T20:28:03.855+0000] {task_command.py:389} INFO - Running <TaskInstance: final_project_dag.print_date manual__2022-12-26T20:27:58.698531+00:00 [running]> on host cc45147695ff
[2022-12-26T20:28:04.450+0000] {taskinstance.py:1513} INFO - Exporting the following env vars:
AIRFLOW_CTX_DAG_OWNER=kelompok 3
AIRFLOW_CTX_DAG_ID=final_project_dag
AIRFLOW_CTX_TASK_ID=print_date
AIRFLOW_CTX_EXECUTION_DATE=2022-12-26T20:27:58.698531+00:00
AIRFLOW_CTX_TRY_NUMBER=1
AIRFLOW_CTX_DAG_RUN_ID=manual__2022-12-26T20:27:58.698531+00:00
[2022-12-26T20:28:04.456+0000] {subprocess.py:63} INFO - Tmp dir root location: 
 /tmp
[2022-12-26T20:28:04.465+0000] {subprocess.py:75} INFO - Running command: ['/bin/bash', '-c', 'echo date']
[2022-12-26T20:28:04.596+0000] {subprocess.py:86} INFO - Output:
[2022-12-26T20:28:04.624+0000] {subprocess.py:93} INFO - date
[2022-12-26T20:28:04.638+0000] {subprocess.py:97} INFO - Command exited with return code 0
[2022-12-26T20:28:04.908+0000] {taskinstance.py:1327} INFO - Marking task as SUCCESS. dag_id=final_project_dag, task_id=print_date, execution_date=20221226T202758, start_date=20221226T202802, end_date=20221226T202804
[2022-12-26T20:28:05.149+0000] {local_task_job.py:159} INFO - Task exited with return code 0
[2022-12-26T20:28:05.744+0000] {taskinstance.py:2582} INFO - 0 downstream tasks scheduled from follow-on schedule check
