[2022-12-26T20:16:17.390+0000] {taskinstance.py:1087} INFO - Dependencies all met for <TaskInstance: final_project_dag.print_date scheduled__2022-12-23T00:00:00+00:00 [queued]>
[2022-12-26T20:16:28.241+0000] {taskinstance.py:1087} INFO - Dependencies all met for <TaskInstance: final_project_dag.print_date scheduled__2022-12-23T00:00:00+00:00 [queued]>
[2022-12-26T20:16:28.452+0000] {taskinstance.py:1283} INFO - 
--------------------------------------------------------------------------------
[2022-12-26T20:16:28.455+0000] {taskinstance.py:1284} INFO - Starting attempt 2 of 6
[2022-12-26T20:16:28.460+0000] {taskinstance.py:1285} INFO - 
--------------------------------------------------------------------------------
[2022-12-26T20:16:31.298+0000] {taskinstance.py:1304} INFO - Executing <Task(BashOperator): print_date> on 2022-12-23 00:00:00+00:00
[2022-12-26T20:16:31.938+0000] {standard_task_runner.py:55} INFO - Started process 124 to run task
[2022-12-26T20:16:32.598+0000] {standard_task_runner.py:82} INFO - Running: ['***', 'tasks', 'run', 'final_project_dag', 'print_date', 'scheduled__2022-12-23T00:00:00+00:00', '--job-id', '53', '--raw', '--subdir', 'DAGS_FOLDER/final_project_dag.py', '--cfg-path', '/tmp/tmpn1bwlbss']
[2022-12-26T20:16:32.972+0000] {standard_task_runner.py:83} INFO - Job 53: Subtask print_date
[2022-12-26T20:18:03.265+0000] {task_command.py:389} INFO - Running <TaskInstance: final_project_dag.print_date scheduled__2022-12-23T00:00:00+00:00 [running]> on host 90c4bc40493a
[2022-12-26T20:18:23.256+0000] {taskinstance.py:1513} INFO - Exporting the following env vars:
AIRFLOW_CTX_DAG_OWNER=kelompok 3
AIRFLOW_CTX_DAG_ID=final_project_dag
AIRFLOW_CTX_TASK_ID=print_date
AIRFLOW_CTX_EXECUTION_DATE=2022-12-23T00:00:00+00:00
AIRFLOW_CTX_TRY_NUMBER=2
AIRFLOW_CTX_DAG_RUN_ID=scheduled__2022-12-23T00:00:00+00:00
[2022-12-26T20:18:23.309+0000] {subprocess.py:63} INFO - Tmp dir root location: 
 /tmp
[2022-12-26T20:18:23.320+0000] {subprocess.py:75} INFO - Running command: ['/bin/bash', '-c', 'echo date']
[2022-12-26T20:18:24.315+0000] {subprocess.py:86} INFO - Output:
[2022-12-26T20:18:24.514+0000] {subprocess.py:93} INFO - date
[2022-12-26T20:18:24.576+0000] {subprocess.py:97} INFO - Command exited with return code 0
[2022-12-26T20:18:29.772+0000] {taskinstance.py:1327} INFO - Marking task as SUCCESS. dag_id=final_project_dag, task_id=print_date, execution_date=20221223T000000, start_date=20221226T201617, end_date=20221226T201829
[2022-12-26T20:18:40.116+0000] {local_task_job.py:159} INFO - Task exited with return code 0
