[2022-12-27T02:11:26.499+0000] {taskinstance.py:1087} INFO - Dependencies all met for <TaskInstance: final_project_dag.print_date manual__2022-12-27T02:11:19.752719+00:00 [queued]>
[2022-12-27T02:11:26.635+0000] {taskinstance.py:1087} INFO - Dependencies all met for <TaskInstance: final_project_dag.print_date manual__2022-12-27T02:11:19.752719+00:00 [queued]>
[2022-12-27T02:11:26.644+0000] {taskinstance.py:1283} INFO - 
--------------------------------------------------------------------------------
[2022-12-27T02:11:26.648+0000] {taskinstance.py:1284} INFO - Starting attempt 1 of 6
[2022-12-27T02:11:26.656+0000] {taskinstance.py:1285} INFO - 
--------------------------------------------------------------------------------
[2022-12-27T02:11:26.825+0000] {taskinstance.py:1304} INFO - Executing <Task(BashOperator): print_date> on 2022-12-27 02:11:19.752719+00:00
[2022-12-27T02:11:26.881+0000] {standard_task_runner.py:55} INFO - Started process 169 to run task
[2022-12-27T02:11:26.925+0000] {standard_task_runner.py:82} INFO - Running: ['***', 'tasks', 'run', 'final_project_dag', 'print_date', 'manual__2022-12-27T02:11:19.752719+00:00', '--job-id', '196', '--raw', '--subdir', 'DAGS_FOLDER/final_project_dag.py', '--cfg-path', '/tmp/tmpe5jgfrhw']
[2022-12-27T02:11:26.942+0000] {standard_task_runner.py:83} INFO - Job 196: Subtask print_date
[2022-12-27T02:11:30.544+0000] {task_command.py:389} INFO - Running <TaskInstance: final_project_dag.print_date manual__2022-12-27T02:11:19.752719+00:00 [running]> on host 3dc0e72111ec
[2022-12-27T02:11:31.125+0000] {taskinstance.py:1513} INFO - Exporting the following env vars:
AIRFLOW_CTX_DAG_OWNER=kelompok 3
AIRFLOW_CTX_DAG_ID=final_project_dag
AIRFLOW_CTX_TASK_ID=print_date
AIRFLOW_CTX_EXECUTION_DATE=2022-12-27T02:11:19.752719+00:00
AIRFLOW_CTX_TRY_NUMBER=1
AIRFLOW_CTX_DAG_RUN_ID=manual__2022-12-27T02:11:19.752719+00:00
[2022-12-27T02:11:31.152+0000] {subprocess.py:63} INFO - Tmp dir root location: 
 /tmp
[2022-12-27T02:11:31.162+0000] {subprocess.py:75} INFO - Running command: ['/bin/bash', '-c', 'echo date']
[2022-12-27T02:11:31.333+0000] {subprocess.py:86} INFO - Output:
[2022-12-27T02:11:31.370+0000] {subprocess.py:93} INFO - date
[2022-12-27T02:11:31.375+0000] {subprocess.py:97} INFO - Command exited with return code 0
[2022-12-27T02:11:31.640+0000] {taskinstance.py:1327} INFO - Marking task as SUCCESS. dag_id=final_project_dag, task_id=print_date, execution_date=20221227T021119, start_date=20221227T021126, end_date=20221227T021131
[2022-12-27T02:11:32.250+0000] {local_task_job.py:159} INFO - Task exited with return code 0
[2022-12-27T02:11:33.360+0000] {taskinstance.py:2582} INFO - 0 downstream tasks scheduled from follow-on schedule check
