[2022-12-27T04:12:33.799+0000] {taskinstance.py:1087} INFO - Dependencies all met for <TaskInstance: final_project_dag.print_date manual__2022-12-27T04:12:01.763336+00:00 [queued]>
[2022-12-27T04:12:33.908+0000] {taskinstance.py:1087} INFO - Dependencies all met for <TaskInstance: final_project_dag.print_date manual__2022-12-27T04:12:01.763336+00:00 [queued]>
[2022-12-27T04:12:33.915+0000] {taskinstance.py:1283} INFO - 
--------------------------------------------------------------------------------
[2022-12-27T04:12:33.925+0000] {taskinstance.py:1284} INFO - Starting attempt 1 of 6
[2022-12-27T04:12:33.953+0000] {taskinstance.py:1285} INFO - 
--------------------------------------------------------------------------------
[2022-12-27T04:12:34.255+0000] {taskinstance.py:1304} INFO - Executing <Task(BashOperator): print_date> on 2022-12-27 04:12:01.763336+00:00
[2022-12-27T04:12:34.344+0000] {standard_task_runner.py:55} INFO - Started process 235 to run task
[2022-12-27T04:12:34.417+0000] {standard_task_runner.py:82} INFO - Running: ['***', 'tasks', 'run', 'final_project_dag', 'print_date', 'manual__2022-12-27T04:12:01.763336+00:00', '--job-id', '322', '--raw', '--subdir', 'DAGS_FOLDER/final_project_dag.py', '--cfg-path', '/tmp/tmpzyymgawz']
[2022-12-27T04:12:34.447+0000] {standard_task_runner.py:83} INFO - Job 322: Subtask print_date
[2022-12-27T04:12:35.847+0000] {task_command.py:389} INFO - Running <TaskInstance: final_project_dag.print_date manual__2022-12-27T04:12:01.763336+00:00 [running]> on host 6026fe33842a
[2022-12-27T04:12:37.787+0000] {taskinstance.py:1513} INFO - Exporting the following env vars:
AIRFLOW_CTX_DAG_OWNER=kelompok 3
AIRFLOW_CTX_DAG_ID=final_project_dag
AIRFLOW_CTX_TASK_ID=print_date
AIRFLOW_CTX_EXECUTION_DATE=2022-12-27T04:12:01.763336+00:00
AIRFLOW_CTX_TRY_NUMBER=1
AIRFLOW_CTX_DAG_RUN_ID=manual__2022-12-27T04:12:01.763336+00:00
[2022-12-27T04:12:37.914+0000] {subprocess.py:63} INFO - Tmp dir root location: 
 /tmp
[2022-12-27T04:12:37.944+0000] {subprocess.py:75} INFO - Running command: ['/bin/bash', '-c', 'date']
[2022-12-27T04:12:38.232+0000] {subprocess.py:86} INFO - Output:
[2022-12-27T04:12:38.285+0000] {subprocess.py:93} INFO - Tue Dec 27 04:12:38 UTC 2022
[2022-12-27T04:12:38.303+0000] {subprocess.py:97} INFO - Command exited with return code 0
[2022-12-27T04:12:38.868+0000] {taskinstance.py:1327} INFO - Marking task as SUCCESS. dag_id=final_project_dag, task_id=print_date, execution_date=20221227T041201, start_date=20221227T041233, end_date=20221227T041238
[2022-12-27T04:12:39.283+0000] {local_task_job.py:159} INFO - Task exited with return code 0
[2022-12-27T04:12:56.050+0000] {taskinstance.py:2582} INFO - 0 downstream tasks scheduled from follow-on schedule check
