[2022-12-27T03:57:56.426+0000] {taskinstance.py:1087} INFO - Dependencies all met for <TaskInstance: final_project_dag.print_date manual__2022-12-27T03:57:51.476952+00:00 [queued]>
[2022-12-27T03:57:56.502+0000] {taskinstance.py:1087} INFO - Dependencies all met for <TaskInstance: final_project_dag.print_date manual__2022-12-27T03:57:51.476952+00:00 [queued]>
[2022-12-27T03:57:56.504+0000] {taskinstance.py:1283} INFO - 
--------------------------------------------------------------------------------
[2022-12-27T03:57:56.507+0000] {taskinstance.py:1284} INFO - Starting attempt 1 of 6
[2022-12-27T03:57:56.510+0000] {taskinstance.py:1285} INFO - 
--------------------------------------------------------------------------------
[2022-12-27T03:57:56.603+0000] {taskinstance.py:1304} INFO - Executing <Task(BashOperator): print_date> on 2022-12-27 03:57:51.476952+00:00
[2022-12-27T03:57:56.637+0000] {standard_task_runner.py:55} INFO - Started process 897 to run task
[2022-12-27T03:57:56.708+0000] {standard_task_runner.py:82} INFO - Running: ['***', 'tasks', 'run', 'final_project_dag', 'print_date', 'manual__2022-12-27T03:57:51.476952+00:00', '--job-id', '315', '--raw', '--subdir', 'DAGS_FOLDER/final_project_dag.py', '--cfg-path', '/tmp/tmpt969nctt']
[2022-12-27T03:57:56.741+0000] {standard_task_runner.py:83} INFO - Job 315: Subtask print_date
[2022-12-27T03:57:58.536+0000] {task_command.py:389} INFO - Running <TaskInstance: final_project_dag.print_date manual__2022-12-27T03:57:51.476952+00:00 [running]> on host b40088984618
[2022-12-27T03:57:59.416+0000] {taskinstance.py:1513} INFO - Exporting the following env vars:
AIRFLOW_CTX_DAG_OWNER=kelompok 3
AIRFLOW_CTX_DAG_ID=final_project_dag
AIRFLOW_CTX_TASK_ID=print_date
AIRFLOW_CTX_EXECUTION_DATE=2022-12-27T03:57:51.476952+00:00
AIRFLOW_CTX_TRY_NUMBER=1
AIRFLOW_CTX_DAG_RUN_ID=manual__2022-12-27T03:57:51.476952+00:00
[2022-12-27T03:57:59.423+0000] {subprocess.py:63} INFO - Tmp dir root location: 
 /tmp
[2022-12-27T03:57:59.426+0000] {subprocess.py:75} INFO - Running command: ['/bin/bash', '-c', 'date']
[2022-12-27T03:57:59.695+0000] {subprocess.py:86} INFO - Output:
[2022-12-27T03:57:59.735+0000] {subprocess.py:93} INFO - Tue Dec 27 03:57:59 UTC 2022
[2022-12-27T03:57:59.747+0000] {subprocess.py:97} INFO - Command exited with return code 0
[2022-12-27T03:58:00.230+0000] {taskinstance.py:1327} INFO - Marking task as SUCCESS. dag_id=final_project_dag, task_id=print_date, execution_date=20221227T035751, start_date=20221227T035756, end_date=20221227T035800
[2022-12-27T03:58:00.825+0000] {local_task_job.py:159} INFO - Task exited with return code 0
[2022-12-27T03:58:01.108+0000] {taskinstance.py:2582} INFO - 0 downstream tasks scheduled from follow-on schedule check
